time="2021-01-29T22:34:07Z" level=debug msg="OpenShift Installer 4.5.25"
time="2021-01-29T22:34:07Z" level=debug msg="Built from commit b42b0475e12c6e5b8536b3aa53b5db3f6970e1de"
time="2021-01-29T22:34:07Z" level=debug msg="Fetching Install Config..."
time="2021-01-29T22:34:07Z" level=debug msg="Loading Install Config..."
time="2021-01-29T22:34:07Z" level=debug msg="  Loading SSH Key..."
time="2021-01-29T22:34:07Z" level=debug msg="  Loading Base Domain..."
time="2021-01-29T22:34:07Z" level=debug msg="    Loading Platform..."
time="2021-01-29T22:34:07Z" level=debug msg="  Loading Cluster Name..."
time="2021-01-29T22:34:07Z" level=debug msg="    Loading Base Domain..."
time="2021-01-29T22:34:07Z" level=debug msg="    Loading Platform..."
time="2021-01-29T22:34:07Z" level=debug msg="  Loading Pull Secret..."
time="2021-01-29T22:34:07Z" level=debug msg="  Loading Platform..."
time="2021-01-29T22:34:07Z" level=debug msg="  Fetching SSH Key..."
time="2021-01-29T22:34:07Z" level=debug msg="  Generating SSH Key..."
time="2021-01-29T22:34:46Z" level=debug msg="  Fetching Base Domain..."
time="2021-01-29T22:34:46Z" level=debug msg="    Fetching Platform..."
time="2021-01-29T22:34:46Z" level=debug msg="    Generating Platform..."
time="2021-01-29T22:34:53Z" level=info msg="Credentials loaded from the \"default\" profile in file \"/root/.aws/credentials\""
time="2021-01-29T22:35:06Z" level=debug msg="  Generating Base Domain..."
time="2021-01-29T22:35:06Z" level=debug msg="listing AWS hosted zones"
time="2021-01-29T22:35:13Z" level=debug msg="  Fetching Cluster Name..."
time="2021-01-29T22:35:13Z" level=debug msg="    Fetching Base Domain..."
time="2021-01-29T22:35:13Z" level=debug msg="    Reusing previously-fetched Base Domain"
time="2021-01-29T22:35:13Z" level=debug msg="    Fetching Platform..."
time="2021-01-29T22:35:13Z" level=debug msg="    Reusing previously-fetched Platform"
time="2021-01-29T22:35:13Z" level=debug msg="  Generating Cluster Name..."
time="2021-01-29T22:35:21Z" level=debug msg="  Fetching Pull Secret..."
time="2021-01-29T22:35:21Z" level=debug msg="  Generating Pull Secret..."
time="2021-01-29T22:35:46Z" level=debug msg="  Fetching Platform..."
time="2021-01-29T22:35:46Z" level=debug msg="  Reusing previously-fetched Platform"
time="2021-01-29T22:35:46Z" level=debug msg="Generating Install Config..."
time="2021-02-01T21:24:59Z" level=debug msg="OpenShift Installer 4.5.25"
time="2021-02-01T21:24:59Z" level=debug msg="Built from commit b42b0475e12c6e5b8536b3aa53b5db3f6970e1de"
time="2021-02-01T21:24:59Z" level=debug msg="Fetching Install Config..."
time="2021-02-01T21:24:59Z" level=debug msg="Loading Install Config..."
time="2021-02-01T21:24:59Z" level=debug msg="  Loading SSH Key..."
time="2021-02-01T21:24:59Z" level=debug msg="  Using SSH Key loaded from state file"
time="2021-02-01T21:24:59Z" level=debug msg="  Loading Base Domain..."
time="2021-02-01T21:24:59Z" level=debug msg="    Loading Platform..."
time="2021-02-01T21:24:59Z" level=debug msg="    Using Platform loaded from state file"
time="2021-02-01T21:24:59Z" level=debug msg="  Using Base Domain loaded from state file"
time="2021-02-01T21:24:59Z" level=debug msg="  Loading Cluster Name..."
time="2021-02-01T21:24:59Z" level=debug msg="    Loading Base Domain..."
time="2021-02-01T21:24:59Z" level=debug msg="    Loading Platform..."
time="2021-02-01T21:24:59Z" level=debug msg="  Using Cluster Name loaded from state file"
time="2021-02-01T21:24:59Z" level=debug msg="  Loading Pull Secret..."
time="2021-02-01T21:24:59Z" level=debug msg="  Using Pull Secret loaded from state file"
time="2021-02-01T21:24:59Z" level=debug msg="  Loading Platform..."
time="2021-02-01T21:24:59Z" level=debug msg="Using Install Config loaded from state file"
time="2021-02-01T21:24:59Z" level=debug msg="Reusing previously-fetched Install Config"
time="2021-02-02T16:40:20Z" level=debug msg="OpenShift Installer 4.5.25"
time="2021-02-02T16:40:20Z" level=debug msg="Built from commit b42b0475e12c6e5b8536b3aa53b5db3f6970e1de"
time="2021-02-02T16:40:20Z" level=debug msg="Fetching Master Machines..."
time="2021-02-02T16:40:20Z" level=debug msg="Loading Master Machines..."
time="2021-02-02T16:40:20Z" level=debug msg="  Loading Cluster ID..."
time="2021-02-02T16:40:20Z" level=debug msg="    Loading Install Config..."
time="2021-02-02T16:40:20Z" level=debug msg="      Loading SSH Key..."
time="2021-02-02T16:40:20Z" level=debug msg="      Using SSH Key loaded from state file"
time="2021-02-02T16:40:20Z" level=debug msg="      Loading Base Domain..."
time="2021-02-02T16:40:20Z" level=debug msg="        Loading Platform..."
time="2021-02-02T16:40:20Z" level=debug msg="        Using Platform loaded from state file"
time="2021-02-02T16:40:20Z" level=debug msg="      Using Base Domain loaded from state file"
time="2021-02-02T16:40:20Z" level=debug msg="      Loading Cluster Name..."
time="2021-02-02T16:40:20Z" level=debug msg="        Loading Base Domain..."
time="2021-02-02T16:40:20Z" level=debug msg="        Loading Platform..."
time="2021-02-02T16:40:20Z" level=debug msg="      Using Cluster Name loaded from state file"
time="2021-02-02T16:40:20Z" level=debug msg="      Loading Pull Secret..."
time="2021-02-02T16:40:20Z" level=debug msg="      Using Pull Secret loaded from state file"
time="2021-02-02T16:40:20Z" level=debug msg="      Loading Platform..."
time="2021-02-02T16:40:20Z" level=fatal msg="failed to fetch Master Machines: failed to load asset \"Install Config\": invalid \"install-config.yaml\" file: [imageContentSources[0].mirrors[0]: Invalid value: \"ip-172-31-27-220.us-east-2.compute.internal:5000:/ocp/openshift4/\": failed to parse: invalid reference format, imageContentSources[1].mirrors[0]: Invalid value: \"ip-172-31-27-220.us-east-2.compute.internal:5000:/ocp/openshift4/\": failed to parse: invalid reference format]"
time="2021-02-02T17:28:27Z" level=debug msg="OpenShift Installer 4.5.25"
time="2021-02-02T17:28:27Z" level=debug msg="Built from commit b42b0475e12c6e5b8536b3aa53b5db3f6970e1de"
time="2021-02-02T17:28:27Z" level=debug msg="Fetching Master Machines..."
time="2021-02-02T17:28:27Z" level=debug msg="Loading Master Machines..."
time="2021-02-02T17:28:27Z" level=debug msg="  Loading Cluster ID..."
time="2021-02-02T17:28:27Z" level=debug msg="    Loading Install Config..."
time="2021-02-02T17:28:27Z" level=debug msg="      Loading SSH Key..."
time="2021-02-02T17:28:27Z" level=debug msg="      Using SSH Key loaded from state file"
time="2021-02-02T17:28:27Z" level=debug msg="      Loading Base Domain..."
time="2021-02-02T17:28:27Z" level=debug msg="        Loading Platform..."
time="2021-02-02T17:28:27Z" level=debug msg="        Using Platform loaded from state file"
time="2021-02-02T17:28:27Z" level=debug msg="      Using Base Domain loaded from state file"
time="2021-02-02T17:28:27Z" level=debug msg="      Loading Cluster Name..."
time="2021-02-02T17:28:27Z" level=debug msg="        Loading Base Domain..."
time="2021-02-02T17:28:27Z" level=debug msg="        Loading Platform..."
time="2021-02-02T17:28:27Z" level=debug msg="      Using Cluster Name loaded from state file"
time="2021-02-02T17:28:27Z" level=debug msg="      Loading Pull Secret..."
time="2021-02-02T17:28:27Z" level=debug msg="      Using Pull Secret loaded from state file"
time="2021-02-02T17:28:27Z" level=debug msg="      Loading Platform..."
time="2021-02-02T17:28:27Z" level=fatal msg="failed to fetch Master Machines: failed to load asset \"Install Config\": failed to unmarshal install-config.yaml: error converting YAML to JSON: yaml: line 63: did not find expected '-' indicator"
time="2021-02-02T17:33:18Z" level=debug msg="OpenShift Installer 4.5.25"
time="2021-02-02T17:33:18Z" level=debug msg="Built from commit b42b0475e12c6e5b8536b3aa53b5db3f6970e1de"
time="2021-02-02T17:33:18Z" level=debug msg="Fetching Master Machines..."
time="2021-02-02T17:33:18Z" level=debug msg="Loading Master Machines..."
time="2021-02-02T17:33:18Z" level=debug msg="  Loading Cluster ID..."
time="2021-02-02T17:33:18Z" level=debug msg="    Loading Install Config..."
time="2021-02-02T17:33:18Z" level=debug msg="      Loading SSH Key..."
time="2021-02-02T17:33:18Z" level=debug msg="      Using SSH Key loaded from state file"
time="2021-02-02T17:33:18Z" level=debug msg="      Loading Base Domain..."
time="2021-02-02T17:33:18Z" level=debug msg="        Loading Platform..."
time="2021-02-02T17:33:18Z" level=debug msg="        Using Platform loaded from state file"
time="2021-02-02T17:33:18Z" level=debug msg="      Using Base Domain loaded from state file"
time="2021-02-02T17:33:18Z" level=debug msg="      Loading Cluster Name..."
time="2021-02-02T17:33:18Z" level=debug msg="        Loading Base Domain..."
time="2021-02-02T17:33:18Z" level=debug msg="        Loading Platform..."
time="2021-02-02T17:33:18Z" level=debug msg="      Using Cluster Name loaded from state file"
time="2021-02-02T17:33:18Z" level=debug msg="      Loading Pull Secret..."
time="2021-02-02T17:33:18Z" level=debug msg="      Using Pull Secret loaded from state file"
time="2021-02-02T17:33:18Z" level=debug msg="      Loading Platform..."
time="2021-02-02T17:33:18Z" level=fatal msg="failed to fetch Master Machines: failed to load asset \"Install Config\": failed to unmarshal install-config.yaml: error converting YAML to JSON: yaml: line 63: did not find expected '-' indicator"
time="2021-02-02T17:33:44Z" level=debug msg="OpenShift Installer 4.5.25"
time="2021-02-02T17:33:44Z" level=debug msg="Built from commit b42b0475e12c6e5b8536b3aa53b5db3f6970e1de"
time="2021-02-02T17:33:44Z" level=debug msg="Fetching Master Machines..."
time="2021-02-02T17:33:44Z" level=debug msg="Loading Master Machines..."
time="2021-02-02T17:33:44Z" level=debug msg="  Loading Cluster ID..."
time="2021-02-02T17:33:44Z" level=debug msg="    Loading Install Config..."
time="2021-02-02T17:33:44Z" level=debug msg="      Loading SSH Key..."
time="2021-02-02T17:33:44Z" level=debug msg="      Using SSH Key loaded from state file"
time="2021-02-02T17:33:44Z" level=debug msg="      Loading Base Domain..."
time="2021-02-02T17:33:44Z" level=debug msg="        Loading Platform..."
time="2021-02-02T17:33:44Z" level=debug msg="        Using Platform loaded from state file"
time="2021-02-02T17:33:44Z" level=debug msg="      Using Base Domain loaded from state file"
time="2021-02-02T17:33:44Z" level=debug msg="      Loading Cluster Name..."
time="2021-02-02T17:33:44Z" level=debug msg="        Loading Base Domain..."
time="2021-02-02T17:33:44Z" level=debug msg="        Loading Platform..."
time="2021-02-02T17:33:44Z" level=debug msg="      Using Cluster Name loaded from state file"
time="2021-02-02T17:33:44Z" level=debug msg="      Loading Pull Secret..."
time="2021-02-02T17:33:44Z" level=debug msg="      Using Pull Secret loaded from state file"
time="2021-02-02T17:33:44Z" level=debug msg="      Loading Platform..."
time="2021-02-02T17:33:44Z" level=fatal msg="failed to fetch Master Machines: failed to load asset \"Install Config\": failed to unmarshal install-config.yaml: error converting YAML to JSON: yaml: line 63: did not find expected '-' indicator"
time="2021-02-02T17:37:41Z" level=debug msg="OpenShift Installer 4.5.25"
time="2021-02-02T17:37:41Z" level=debug msg="Built from commit b42b0475e12c6e5b8536b3aa53b5db3f6970e1de"
time="2021-02-02T17:37:41Z" level=debug msg="Fetching Master Machines..."
time="2021-02-02T17:37:41Z" level=debug msg="Loading Master Machines..."
time="2021-02-02T17:37:41Z" level=debug msg="  Loading Cluster ID..."
time="2021-02-02T17:37:41Z" level=debug msg="    Loading Install Config..."
time="2021-02-02T17:37:41Z" level=debug msg="      Loading SSH Key..."
time="2021-02-02T17:37:41Z" level=debug msg="      Using SSH Key loaded from state file"
time="2021-02-02T17:37:41Z" level=debug msg="      Loading Base Domain..."
time="2021-02-02T17:37:41Z" level=debug msg="        Loading Platform..."
time="2021-02-02T17:37:41Z" level=debug msg="        Using Platform loaded from state file"
time="2021-02-02T17:37:41Z" level=debug msg="      Using Base Domain loaded from state file"
time="2021-02-02T17:37:41Z" level=debug msg="      Loading Cluster Name..."
time="2021-02-02T17:37:41Z" level=debug msg="        Loading Base Domain..."
time="2021-02-02T17:37:41Z" level=debug msg="        Loading Platform..."
time="2021-02-02T17:37:41Z" level=debug msg="      Using Cluster Name loaded from state file"
time="2021-02-02T17:37:41Z" level=debug msg="      Loading Pull Secret..."
time="2021-02-02T17:37:41Z" level=debug msg="      Using Pull Secret loaded from state file"
time="2021-02-02T17:37:41Z" level=debug msg="      Loading Platform..."
time="2021-02-02T17:37:41Z" level=fatal msg="failed to fetch Master Machines: failed to load asset \"Install Config\": failed to unmarshal install-config.yaml: error converting YAML to JSON: yaml: line 63: did not find expected '-' indicator"
time="2021-02-02T17:38:28Z" level=debug msg="OpenShift Installer 4.5.25"
time="2021-02-02T17:38:28Z" level=debug msg="Built from commit b42b0475e12c6e5b8536b3aa53b5db3f6970e1de"
time="2021-02-02T17:38:28Z" level=debug msg="Fetching Master Machines..."
time="2021-02-02T17:38:28Z" level=debug msg="Loading Master Machines..."
time="2021-02-02T17:38:28Z" level=debug msg="  Loading Cluster ID..."
time="2021-02-02T17:38:28Z" level=debug msg="    Loading Install Config..."
time="2021-02-02T17:38:28Z" level=debug msg="      Loading SSH Key..."
time="2021-02-02T17:38:28Z" level=debug msg="      Using SSH Key loaded from state file"
time="2021-02-02T17:38:28Z" level=debug msg="      Loading Base Domain..."
time="2021-02-02T17:38:28Z" level=debug msg="        Loading Platform..."
time="2021-02-02T17:38:28Z" level=debug msg="        Using Platform loaded from state file"
time="2021-02-02T17:38:28Z" level=debug msg="      Using Base Domain loaded from state file"
time="2021-02-02T17:38:28Z" level=debug msg="      Loading Cluster Name..."
time="2021-02-02T17:38:28Z" level=debug msg="        Loading Base Domain..."
time="2021-02-02T17:38:28Z" level=debug msg="        Loading Platform..."
time="2021-02-02T17:38:28Z" level=debug msg="      Using Cluster Name loaded from state file"
time="2021-02-02T17:38:28Z" level=debug msg="      Loading Pull Secret..."
time="2021-02-02T17:38:28Z" level=debug msg="      Using Pull Secret loaded from state file"
time="2021-02-02T17:38:28Z" level=debug msg="      Loading Platform..."
time="2021-02-02T17:38:28Z" level=fatal msg="failed to fetch Master Machines: failed to load asset \"Install Config\": failed to unmarshal install-config.yaml: error converting YAML to JSON: yaml: line 62: did not find expected '-' indicator"
time="2021-02-02T17:39:55Z" level=debug msg="OpenShift Installer 4.5.25"
time="2021-02-02T17:39:55Z" level=debug msg="Built from commit b42b0475e12c6e5b8536b3aa53b5db3f6970e1de"
time="2021-02-02T17:39:55Z" level=debug msg="Fetching Master Machines..."
time="2021-02-02T17:39:55Z" level=debug msg="Loading Master Machines..."
time="2021-02-02T17:39:55Z" level=debug msg="  Loading Cluster ID..."
time="2021-02-02T17:39:55Z" level=debug msg="    Loading Install Config..."
time="2021-02-02T17:39:55Z" level=debug msg="      Loading SSH Key..."
time="2021-02-02T17:39:55Z" level=debug msg="      Using SSH Key loaded from state file"
time="2021-02-02T17:39:55Z" level=debug msg="      Loading Base Domain..."
time="2021-02-02T17:39:55Z" level=debug msg="        Loading Platform..."
time="2021-02-02T17:39:55Z" level=debug msg="        Using Platform loaded from state file"
time="2021-02-02T17:39:55Z" level=debug msg="      Using Base Domain loaded from state file"
time="2021-02-02T17:39:55Z" level=debug msg="      Loading Cluster Name..."
time="2021-02-02T17:39:55Z" level=debug msg="        Loading Base Domain..."
time="2021-02-02T17:39:55Z" level=debug msg="        Loading Platform..."
time="2021-02-02T17:39:55Z" level=debug msg="      Using Cluster Name loaded from state file"
time="2021-02-02T17:39:55Z" level=debug msg="      Loading Pull Secret..."
time="2021-02-02T17:39:55Z" level=debug msg="      Using Pull Secret loaded from state file"
time="2021-02-02T17:39:55Z" level=debug msg="      Loading Platform..."
time="2021-02-02T17:39:55Z" level=fatal msg="failed to fetch Master Machines: failed to load asset \"Install Config\": failed to unmarshal install-config.yaml: error converting YAML to JSON: yaml: line 62: did not find expected '-' indicator"
time="2021-02-02T17:42:01Z" level=debug msg="OpenShift Installer 4.5.25"
time="2021-02-02T17:42:01Z" level=debug msg="Built from commit b42b0475e12c6e5b8536b3aa53b5db3f6970e1de"
time="2021-02-02T17:42:01Z" level=debug msg="Fetching Master Machines..."
time="2021-02-02T17:42:01Z" level=debug msg="Loading Master Machines..."
time="2021-02-02T17:42:01Z" level=debug msg="  Loading Cluster ID..."
time="2021-02-02T17:42:01Z" level=debug msg="    Loading Install Config..."
time="2021-02-02T17:42:01Z" level=debug msg="      Loading SSH Key..."
time="2021-02-02T17:42:01Z" level=debug msg="      Using SSH Key loaded from state file"
time="2021-02-02T17:42:01Z" level=debug msg="      Loading Base Domain..."
time="2021-02-02T17:42:01Z" level=debug msg="        Loading Platform..."
time="2021-02-02T17:42:01Z" level=debug msg="        Using Platform loaded from state file"
time="2021-02-02T17:42:01Z" level=debug msg="      Using Base Domain loaded from state file"
time="2021-02-02T17:42:01Z" level=debug msg="      Loading Cluster Name..."
time="2021-02-02T17:42:01Z" level=debug msg="        Loading Base Domain..."
time="2021-02-02T17:42:01Z" level=debug msg="        Loading Platform..."
time="2021-02-02T17:42:01Z" level=debug msg="      Using Cluster Name loaded from state file"
time="2021-02-02T17:42:01Z" level=debug msg="      Loading Pull Secret..."
time="2021-02-02T17:42:01Z" level=debug msg="      Using Pull Secret loaded from state file"
time="2021-02-02T17:42:01Z" level=debug msg="      Loading Platform..."
time="2021-02-02T17:42:01Z" level=fatal msg="failed to fetch Master Machines: failed to load asset \"Install Config\": failed to unmarshal install-config.yaml: error converting YAML to JSON: yaml: line 62: did not find expected key"
time="2021-02-02T17:42:22Z" level=debug msg="OpenShift Installer 4.5.25"
time="2021-02-02T17:42:22Z" level=debug msg="Built from commit b42b0475e12c6e5b8536b3aa53b5db3f6970e1de"
time="2021-02-02T17:42:22Z" level=debug msg="Fetching Master Machines..."
time="2021-02-02T17:42:22Z" level=debug msg="Loading Master Machines..."
time="2021-02-02T17:42:22Z" level=debug msg="  Loading Cluster ID..."
time="2021-02-02T17:42:22Z" level=debug msg="    Loading Install Config..."
time="2021-02-02T17:42:22Z" level=debug msg="      Loading SSH Key..."
time="2021-02-02T17:42:22Z" level=debug msg="      Using SSH Key loaded from state file"
time="2021-02-02T17:42:22Z" level=debug msg="      Loading Base Domain..."
time="2021-02-02T17:42:22Z" level=debug msg="        Loading Platform..."
time="2021-02-02T17:42:22Z" level=debug msg="        Using Platform loaded from state file"
time="2021-02-02T17:42:22Z" level=debug msg="      Using Base Domain loaded from state file"
time="2021-02-02T17:42:22Z" level=debug msg="      Loading Cluster Name..."
time="2021-02-02T17:42:22Z" level=debug msg="        Loading Base Domain..."
time="2021-02-02T17:42:22Z" level=debug msg="        Loading Platform..."
time="2021-02-02T17:42:22Z" level=debug msg="      Using Cluster Name loaded from state file"
time="2021-02-02T17:42:22Z" level=debug msg="      Loading Pull Secret..."
time="2021-02-02T17:42:22Z" level=debug msg="      Using Pull Secret loaded from state file"
time="2021-02-02T17:42:22Z" level=debug msg="      Loading Platform..."
time="2021-02-02T17:42:22Z" level=fatal msg="failed to fetch Master Machines: failed to load asset \"Install Config\": failed to unmarshal install-config.yaml: error converting YAML to JSON: yaml: line 62: did not find expected key"
time="2021-02-02T17:44:19Z" level=debug msg="OpenShift Installer 4.5.25"
time="2021-02-02T17:44:19Z" level=debug msg="Built from commit b42b0475e12c6e5b8536b3aa53b5db3f6970e1de"
time="2021-02-02T17:44:19Z" level=debug msg="Fetching Master Machines..."
time="2021-02-02T17:44:19Z" level=debug msg="Loading Master Machines..."
time="2021-02-02T17:44:19Z" level=debug msg="  Loading Cluster ID..."
time="2021-02-02T17:44:19Z" level=debug msg="    Loading Install Config..."
time="2021-02-02T17:44:19Z" level=debug msg="      Loading SSH Key..."
time="2021-02-02T17:44:19Z" level=debug msg="      Using SSH Key loaded from state file"
time="2021-02-02T17:44:19Z" level=debug msg="      Loading Base Domain..."
time="2021-02-02T17:44:19Z" level=debug msg="        Loading Platform..."
time="2021-02-02T17:44:19Z" level=debug msg="        Using Platform loaded from state file"
time="2021-02-02T17:44:19Z" level=debug msg="      Using Base Domain loaded from state file"
time="2021-02-02T17:44:19Z" level=debug msg="      Loading Cluster Name..."
time="2021-02-02T17:44:19Z" level=debug msg="        Loading Base Domain..."
time="2021-02-02T17:44:19Z" level=debug msg="        Loading Platform..."
time="2021-02-02T17:44:19Z" level=debug msg="      Using Cluster Name loaded from state file"
time="2021-02-02T17:44:19Z" level=debug msg="      Loading Pull Secret..."
time="2021-02-02T17:44:19Z" level=debug msg="      Using Pull Secret loaded from state file"
time="2021-02-02T17:44:19Z" level=debug msg="      Loading Platform..."
time="2021-02-02T17:44:19Z" level=fatal msg="failed to fetch Master Machines: failed to load asset \"Install Config\": failed to unmarshal install-config.yaml: error converting YAML to JSON: yaml: line 62: did not find expected key"
time="2021-02-02T17:45:21Z" level=debug msg="OpenShift Installer 4.5.25"
time="2021-02-02T17:45:21Z" level=debug msg="Built from commit b42b0475e12c6e5b8536b3aa53b5db3f6970e1de"
time="2021-02-02T17:45:21Z" level=debug msg="Fetching Master Machines..."
time="2021-02-02T17:45:21Z" level=debug msg="Loading Master Machines..."
time="2021-02-02T17:45:21Z" level=debug msg="  Loading Cluster ID..."
time="2021-02-02T17:45:21Z" level=debug msg="    Loading Install Config..."
time="2021-02-02T17:45:21Z" level=debug msg="      Loading SSH Key..."
time="2021-02-02T17:45:21Z" level=debug msg="      Using SSH Key loaded from state file"
time="2021-02-02T17:45:21Z" level=debug msg="      Loading Base Domain..."
time="2021-02-02T17:45:21Z" level=debug msg="        Loading Platform..."
time="2021-02-02T17:45:21Z" level=debug msg="        Using Platform loaded from state file"
time="2021-02-02T17:45:21Z" level=debug msg="      Using Base Domain loaded from state file"
time="2021-02-02T17:45:21Z" level=debug msg="      Loading Cluster Name..."
time="2021-02-02T17:45:21Z" level=debug msg="        Loading Base Domain..."
time="2021-02-02T17:45:21Z" level=debug msg="        Loading Platform..."
time="2021-02-02T17:45:21Z" level=debug msg="      Using Cluster Name loaded from state file"
time="2021-02-02T17:45:21Z" level=debug msg="      Loading Pull Secret..."
time="2021-02-02T17:45:21Z" level=debug msg="      Using Pull Secret loaded from state file"
time="2021-02-02T17:45:21Z" level=debug msg="      Loading Platform..."
time="2021-02-02T17:45:21Z" level=fatal msg="failed to fetch Master Machines: failed to load asset \"Install Config\": failed to unmarshal install-config.yaml: error converting YAML to JSON: yaml: line 62: did not find expected key"
time="2021-02-02T17:46:46Z" level=debug msg="OpenShift Installer 4.5.25"
time="2021-02-02T17:46:46Z" level=debug msg="Built from commit b42b0475e12c6e5b8536b3aa53b5db3f6970e1de"
time="2021-02-02T17:46:46Z" level=debug msg="Fetching Master Machines..."
time="2021-02-02T17:46:46Z" level=debug msg="Loading Master Machines..."
time="2021-02-02T17:46:46Z" level=debug msg="  Loading Cluster ID..."
time="2021-02-02T17:46:46Z" level=debug msg="    Loading Install Config..."
time="2021-02-02T17:46:46Z" level=debug msg="      Loading SSH Key..."
time="2021-02-02T17:46:46Z" level=debug msg="      Using SSH Key loaded from state file"
time="2021-02-02T17:46:46Z" level=debug msg="      Loading Base Domain..."
time="2021-02-02T17:46:46Z" level=debug msg="        Loading Platform..."
time="2021-02-02T17:46:46Z" level=debug msg="        Using Platform loaded from state file"
time="2021-02-02T17:46:46Z" level=debug msg="      Using Base Domain loaded from state file"
time="2021-02-02T17:46:46Z" level=debug msg="      Loading Cluster Name..."
time="2021-02-02T17:46:46Z" level=debug msg="        Loading Base Domain..."
time="2021-02-02T17:46:46Z" level=debug msg="        Loading Platform..."
time="2021-02-02T17:46:46Z" level=debug msg="      Using Cluster Name loaded from state file"
time="2021-02-02T17:46:46Z" level=debug msg="      Loading Pull Secret..."
time="2021-02-02T17:46:46Z" level=debug msg="      Using Pull Secret loaded from state file"
time="2021-02-02T17:46:46Z" level=debug msg="      Loading Platform..."
time="2021-02-02T17:46:46Z" level=debug msg="    Loading Install Config from both state file and target directory"
time="2021-02-02T17:46:46Z" level=debug msg="    Using Install Config loaded from target directory"
time="2021-02-02T17:46:46Z" level=debug msg="  Loading Platform Credentials Check..."
time="2021-02-02T17:46:46Z" level=debug msg="    Loading Install Config..."
time="2021-02-02T17:46:46Z" level=debug msg="  Loading Install Config..."
time="2021-02-02T17:46:46Z" level=debug msg="  Loading Image..."
time="2021-02-02T17:46:46Z" level=debug msg="    Loading Install Config..."
time="2021-02-02T17:46:46Z" level=debug msg="  Loading Master Ignition Config..."
time="2021-02-02T17:46:46Z" level=debug msg="    Loading Install Config..."
time="2021-02-02T17:46:46Z" level=debug msg="    Loading Root CA..."
time="2021-02-02T17:46:46Z" level=debug msg="  Fetching Cluster ID..."
time="2021-02-02T17:46:46Z" level=debug msg="    Fetching Install Config..."
time="2021-02-02T17:46:46Z" level=debug msg="    Reusing previously-fetched Install Config"
time="2021-02-02T17:46:46Z" level=debug msg="  Generating Cluster ID..."
time="2021-02-02T17:46:46Z" level=debug msg="  Fetching Platform Credentials Check..."
time="2021-02-02T17:46:46Z" level=debug msg="    Fetching Install Config..."
time="2021-02-02T17:46:46Z" level=debug msg="    Reusing previously-fetched Install Config"
time="2021-02-02T17:46:46Z" level=debug msg="  Generating Platform Credentials Check..."
time="2021-02-02T17:46:46Z" level=info msg="Credentials loaded from the \"default\" profile in file \"/root/.aws/credentials\""
time="2021-02-02T17:46:46Z" level=debug msg="  Fetching Install Config..."
time="2021-02-02T17:46:46Z" level=debug msg="  Reusing previously-fetched Install Config"
time="2021-02-02T17:46:46Z" level=debug msg="  Fetching Image..."
time="2021-02-02T17:46:46Z" level=debug msg="    Fetching Install Config..."
time="2021-02-02T17:46:46Z" level=debug msg="    Reusing previously-fetched Install Config"
time="2021-02-02T17:46:46Z" level=debug msg="  Generating Image..."
time="2021-02-02T17:46:46Z" level=debug msg="  Fetching Master Ignition Config..."
time="2021-02-02T17:46:46Z" level=debug msg="    Fetching Install Config..."
time="2021-02-02T17:46:46Z" level=debug msg="    Reusing previously-fetched Install Config"
time="2021-02-02T17:46:46Z" level=debug msg="    Fetching Root CA..."
time="2021-02-02T17:46:46Z" level=debug msg="    Generating Root CA..."
time="2021-02-02T17:46:46Z" level=debug msg="  Generating Master Ignition Config..."
time="2021-02-02T17:46:46Z" level=debug msg="Generating Master Machines..."
time="2021-02-02T17:46:46Z" level=info msg="Consuming Install Config from target directory"
time="2021-02-02T17:46:46Z" level=debug msg="Purging asset \"Install Config\" from disk"
time="2021-02-02T17:46:46Z" level=debug msg="Fetching Worker Machines..."
time="2021-02-02T17:46:46Z" level=debug msg="Loading Worker Machines..."
time="2021-02-02T17:46:46Z" level=debug msg="  Loading Cluster ID..."
time="2021-02-02T17:46:46Z" level=debug msg="  Loading Platform Credentials Check..."
time="2021-02-02T17:46:46Z" level=debug msg="  Loading Install Config..."
time="2021-02-02T17:46:46Z" level=debug msg="  Loading Image..."
time="2021-02-02T17:46:46Z" level=debug msg="  Loading Worker Ignition Config..."
time="2021-02-02T17:46:46Z" level=debug msg="    Loading Install Config..."
time="2021-02-02T17:46:46Z" level=debug msg="    Loading Root CA..."
time="2021-02-02T17:46:46Z" level=debug msg="  Fetching Cluster ID..."
time="2021-02-02T17:46:46Z" level=debug msg="  Reusing previously-fetched Cluster ID"
time="2021-02-02T17:46:46Z" level=debug msg="  Fetching Platform Credentials Check..."
time="2021-02-02T17:46:46Z" level=debug msg="  Reusing previously-fetched Platform Credentials Check"
time="2021-02-02T17:46:46Z" level=debug msg="  Fetching Install Config..."
time="2021-02-02T17:46:46Z" level=debug msg="  Reusing previously-fetched Install Config"
time="2021-02-02T17:46:46Z" level=debug msg="  Fetching Image..."
time="2021-02-02T17:46:46Z" level=debug msg="  Reusing previously-fetched Image"
time="2021-02-02T17:46:46Z" level=debug msg="  Fetching Worker Ignition Config..."
time="2021-02-02T17:46:46Z" level=debug msg="    Fetching Install Config..."
time="2021-02-02T17:46:46Z" level=debug msg="    Reusing previously-fetched Install Config"
time="2021-02-02T17:46:46Z" level=debug msg="    Fetching Root CA..."
time="2021-02-02T17:46:46Z" level=debug msg="    Reusing previously-fetched Root CA"
time="2021-02-02T17:46:46Z" level=debug msg="  Generating Worker Ignition Config..."
time="2021-02-02T17:46:46Z" level=debug msg="Generating Worker Machines..."
time="2021-02-02T17:46:46Z" level=debug msg="Fetching Common Manifests..."
time="2021-02-02T17:46:46Z" level=debug msg="Loading Common Manifests..."
time="2021-02-02T17:46:46Z" level=debug msg="  Loading Cluster ID..."
time="2021-02-02T17:46:46Z" level=debug msg="  Loading Install Config..."
time="2021-02-02T17:46:46Z" level=debug msg="  Loading Ingress Config..."
time="2021-02-02T17:46:46Z" level=debug msg="    Loading Install Config..."
time="2021-02-02T17:46:46Z" level=debug msg="  Loading DNS Config..."
time="2021-02-02T17:46:46Z" level=debug msg="    Loading Install Config..."
time="2021-02-02T17:46:46Z" level=debug msg="    Loading Cluster ID..."
time="2021-02-02T17:46:46Z" level=debug msg="    Loading Platform Credentials Check..."
time="2021-02-02T17:46:46Z" level=debug msg="  Loading Infrastructure Config..."
time="2021-02-02T17:46:46Z" level=debug msg="    Loading Cluster ID..."
time="2021-02-02T17:46:46Z" level=debug msg="    Loading Install Config..."
time="2021-02-02T17:46:46Z" level=debug msg="    Loading Cloud Provider Config..."
time="2021-02-02T17:46:46Z" level=debug msg="      Loading Install Config..."
time="2021-02-02T17:46:46Z" level=debug msg="      Loading Cluster ID..."
time="2021-02-02T17:46:46Z" level=debug msg="      Loading Platform Credentials Check..."
time="2021-02-02T17:46:46Z" level=debug msg="    Loading Additional Trust Bundle Config..."
time="2021-02-02T17:46:46Z" level=debug msg="      Loading Install Config..."
time="2021-02-02T17:46:46Z" level=debug msg="  Loading Network Config..."
time="2021-02-02T17:46:46Z" level=debug msg="    Loading Install Config..."
time="2021-02-02T17:46:46Z" level=debug msg="    Loading Network CRDs..."
time="2021-02-02T17:46:46Z" level=debug msg="  Loading Proxy Config..."
time="2021-02-02T17:46:46Z" level=debug msg="    Loading Install Config..."
time="2021-02-02T17:46:46Z" level=debug msg="    Loading Network Config..."
time="2021-02-02T17:46:46Z" level=debug msg="  Loading Scheduler Config..."
time="2021-02-02T17:46:46Z" level=debug msg="    Loading Install Config..."
time="2021-02-02T17:46:46Z" level=debug msg="  Loading Image Content Source Policy..."
time="2021-02-02T17:46:46Z" level=debug msg="    Loading Install Config..."
time="2021-02-02T17:46:46Z" level=debug msg="  Loading Root CA..."
time="2021-02-02T17:46:46Z" level=debug msg="  Loading Certificate (etcd-signer)..."
time="2021-02-02T17:46:46Z" level=debug msg="  Loading Certificate (etcd-ca-bundle)..."
time="2021-02-02T17:46:46Z" level=debug msg="    Loading Certificate (etcd-signer)..."
time="2021-02-02T17:46:46Z" level=debug msg="  Loading Certificate (etcd-client)..."
time="2021-02-02T17:46:46Z" level=debug msg="    Loading Certificate (etcd-signer)..."
time="2021-02-02T17:46:46Z" level=debug msg="  Loading Certificate (etcd-metric-ca-bundle)..."
time="2021-02-02T17:46:46Z" level=debug msg="    Loading Certificate (etcd-metric-signer)..."
time="2021-02-02T17:46:46Z" level=debug msg="  Loading Certificate (etcd-metric-signer)..."
time="2021-02-02T17:46:46Z" level=debug msg="  Loading Certificate (etcd-metric-signer-client)..."
time="2021-02-02T17:46:46Z" level=debug msg="    Loading Certificate (etcd-metric-signer)..."
time="2021-02-02T17:46:46Z" level=debug msg="  Loading Certificate (mcs)..."
time="2021-02-02T17:46:46Z" level=debug msg="    Loading Root CA..."
time="2021-02-02T17:46:46Z" level=debug msg="    Loading Install Config..."
time="2021-02-02T17:46:46Z" level=debug msg="  Loading CVOOverrides..."
time="2021-02-02T17:46:46Z" level=debug msg="  Loading EtcdCAConfigMap..."
time="2021-02-02T17:46:46Z" level=debug msg="  Loading EtcdClientSecret..."
time="2021-02-02T17:46:46Z" level=debug msg="  Loading EtcdHostServiceEndpoints..."
time="2021-02-02T17:46:46Z" level=debug msg="  Loading EtcdHostService..."
time="2021-02-02T17:46:46Z" level=debug msg="  Loading EtcdMetricClientSecret..."
time="2021-02-02T17:46:46Z" level=debug msg="  Loading EtcdMetricServingCAConfigMap..."
time="2021-02-02T17:46:46Z" level=debug msg="  Loading EtcdMetricSignerSecret..."
time="2021-02-02T17:46:46Z" level=debug msg="  Loading EtcdNamespace..."
time="2021-02-02T17:46:46Z" level=debug msg="  Loading EtcdService..."
time="2021-02-02T17:46:46Z" level=debug msg="  Loading EtcdSignerSecret..."
time="2021-02-02T17:46:46Z" level=debug msg="  Loading KubeCloudConfig..."
time="2021-02-02T17:46:46Z" level=debug msg="  Loading EtcdServingCAConfigMap..."
time="2021-02-02T17:46:46Z" level=debug msg="  Loading KubeSystemConfigmapRootCA..."
time="2021-02-02T17:46:46Z" level=debug msg="  Loading MachineConfigServerTLSSecret..."
time="2021-02-02T17:46:46Z" level=debug msg="  Loading OpenshiftConfigSecretPullSecret..."
time="2021-02-02T17:46:46Z" level=debug msg="  Loading OpenshiftMachineConfigOperator..."
time="2021-02-02T17:46:46Z" level=debug msg="  Fetching Cluster ID..."
time="2021-02-02T17:46:46Z" level=debug msg="  Reusing previously-fetched Cluster ID"
time="2021-02-02T17:46:46Z" level=debug msg="  Fetching Install Config..."
time="2021-02-02T17:46:46Z" level=debug msg="  Reusing previously-fetched Install Config"
time="2021-02-02T17:46:46Z" level=debug msg="  Fetching Ingress Config..."
time="2021-02-02T17:46:46Z" level=debug msg="    Fetching Install Config..."
time="2021-02-02T17:46:46Z" level=debug msg="    Reusing previously-fetched Install Config"
time="2021-02-02T17:46:46Z" level=debug msg="  Generating Ingress Config..."
time="2021-02-02T17:46:46Z" level=debug msg="  Fetching DNS Config..."
time="2021-02-02T17:46:46Z" level=debug msg="    Fetching Install Config..."
time="2021-02-02T17:46:46Z" level=debug msg="    Reusing previously-fetched Install Config"
time="2021-02-02T17:46:46Z" level=debug msg="    Fetching Cluster ID..."
time="2021-02-02T17:46:46Z" level=debug msg="    Reusing previously-fetched Cluster ID"
time="2021-02-02T17:46:46Z" level=debug msg="    Fetching Platform Credentials Check..."
time="2021-02-02T17:46:46Z" level=debug msg="    Reusing previously-fetched Platform Credentials Check"
time="2021-02-02T17:46:46Z" level=debug msg="  Generating DNS Config..."
time="2021-02-02T17:46:46Z" level=debug msg="  Fetching Infrastructure Config..."
time="2021-02-02T17:46:46Z" level=debug msg="    Fetching Cluster ID..."
time="2021-02-02T17:46:46Z" level=debug msg="    Reusing previously-fetched Cluster ID"
time="2021-02-02T17:46:46Z" level=debug msg="    Fetching Install Config..."
time="2021-02-02T17:46:46Z" level=debug msg="    Reusing previously-fetched Install Config"
time="2021-02-02T17:46:46Z" level=debug msg="    Fetching Cloud Provider Config..."
time="2021-02-02T17:46:46Z" level=debug msg="      Fetching Install Config..."
time="2021-02-02T17:46:46Z" level=debug msg="      Reusing previously-fetched Install Config"
time="2021-02-02T17:46:46Z" level=debug msg="      Fetching Cluster ID..."
time="2021-02-02T17:46:46Z" level=debug msg="      Reusing previously-fetched Cluster ID"
time="2021-02-02T17:46:46Z" level=debug msg="      Fetching Platform Credentials Check..."
time="2021-02-02T17:46:46Z" level=debug msg="      Reusing previously-fetched Platform Credentials Check"
time="2021-02-02T17:46:46Z" level=debug msg="    Generating Cloud Provider Config..."
time="2021-02-02T17:46:46Z" level=debug msg="    Fetching Additional Trust Bundle Config..."
time="2021-02-02T17:46:46Z" level=debug msg="      Fetching Install Config..."
time="2021-02-02T17:46:46Z" level=debug msg="      Reusing previously-fetched Install Config"
time="2021-02-02T17:46:46Z" level=debug msg="    Generating Additional Trust Bundle Config..."
time="2021-02-02T17:46:46Z" level=debug msg="  Generating Infrastructure Config..."
time="2021-02-02T17:46:46Z" level=debug msg="  Fetching Network Config..."
time="2021-02-02T17:46:46Z" level=debug msg="    Fetching Install Config..."
time="2021-02-02T17:46:46Z" level=debug msg="    Reusing previously-fetched Install Config"
time="2021-02-02T17:46:46Z" level=debug msg="    Fetching Network CRDs..."
time="2021-02-02T17:46:46Z" level=debug msg="    Generating Network CRDs..."
time="2021-02-02T17:46:46Z" level=debug msg="  Generating Network Config..."
time="2021-02-02T17:46:46Z" level=debug msg="  Fetching Proxy Config..."
time="2021-02-02T17:46:46Z" level=debug msg="    Fetching Install Config..."
time="2021-02-02T17:46:46Z" level=debug msg="    Reusing previously-fetched Install Config"
time="2021-02-02T17:46:46Z" level=debug msg="    Fetching Network Config..."
time="2021-02-02T17:46:46Z" level=debug msg="    Reusing previously-fetched Network Config"
time="2021-02-02T17:46:46Z" level=debug msg="  Generating Proxy Config..."
time="2021-02-02T17:46:46Z" level=debug msg="  Fetching Scheduler Config..."
time="2021-02-02T17:46:46Z" level=debug msg="    Fetching Install Config..."
time="2021-02-02T17:46:46Z" level=debug msg="    Reusing previously-fetched Install Config"
time="2021-02-02T17:46:46Z" level=debug msg="  Generating Scheduler Config..."
time="2021-02-02T17:46:46Z" level=warning msg="Making control-plane schedulable by setting MastersSchedulable to true for Scheduler cluster settings"
time="2021-02-02T17:46:46Z" level=debug msg="  Fetching Image Content Source Policy..."
time="2021-02-02T17:46:46Z" level=debug msg="    Fetching Install Config..."
time="2021-02-02T17:46:46Z" level=debug msg="    Reusing previously-fetched Install Config"
time="2021-02-02T17:46:46Z" level=debug msg="  Generating Image Content Source Policy..."
time="2021-02-02T17:46:46Z" level=debug msg="  Fetching Root CA..."
time="2021-02-02T17:46:46Z" level=debug msg="  Reusing previously-fetched Root CA"
time="2021-02-02T17:46:46Z" level=debug msg="  Fetching Certificate (etcd-signer)..."
time="2021-02-02T17:46:46Z" level=debug msg="  Generating Certificate (etcd-signer)..."
time="2021-02-02T17:46:46Z" level=debug msg="  Fetching Certificate (etcd-ca-bundle)..."
time="2021-02-02T17:46:46Z" level=debug msg="    Fetching Certificate (etcd-signer)..."
time="2021-02-02T17:46:46Z" level=debug msg="    Reusing previously-fetched Certificate (etcd-signer)"
time="2021-02-02T17:46:46Z" level=debug msg="  Generating Certificate (etcd-ca-bundle)..."
time="2021-02-02T17:46:46Z" level=debug msg="  Fetching Certificate (etcd-client)..."
time="2021-02-02T17:46:46Z" level=debug msg="    Fetching Certificate (etcd-signer)..."
time="2021-02-02T17:46:46Z" level=debug msg="    Reusing previously-fetched Certificate (etcd-signer)"
time="2021-02-02T17:46:46Z" level=debug msg="  Generating Certificate (etcd-client)..."
time="2021-02-02T17:46:46Z" level=debug msg="  Fetching Certificate (etcd-metric-ca-bundle)..."
time="2021-02-02T17:46:46Z" level=debug msg="    Fetching Certificate (etcd-metric-signer)..."
time="2021-02-02T17:46:46Z" level=debug msg="    Generating Certificate (etcd-metric-signer)..."
time="2021-02-02T17:46:47Z" level=debug msg="  Generating Certificate (etcd-metric-ca-bundle)..."
time="2021-02-02T17:46:47Z" level=debug msg="  Fetching Certificate (etcd-metric-signer)..."
time="2021-02-02T17:46:47Z" level=debug msg="  Reusing previously-fetched Certificate (etcd-metric-signer)"
time="2021-02-02T17:46:47Z" level=debug msg="  Fetching Certificate (etcd-metric-signer-client)..."
time="2021-02-02T17:46:47Z" level=debug msg="    Fetching Certificate (etcd-metric-signer)..."
time="2021-02-02T17:46:47Z" level=debug msg="    Reusing previously-fetched Certificate (etcd-metric-signer)"
time="2021-02-02T17:46:47Z" level=debug msg="  Generating Certificate (etcd-metric-signer-client)..."
time="2021-02-02T17:46:47Z" level=debug msg="  Fetching Certificate (mcs)..."
time="2021-02-02T17:46:47Z" level=debug msg="    Fetching Root CA..."
time="2021-02-02T17:46:47Z" level=debug msg="    Reusing previously-fetched Root CA"
time="2021-02-02T17:46:47Z" level=debug msg="    Fetching Install Config..."
time="2021-02-02T17:46:47Z" level=debug msg="    Reusing previously-fetched Install Config"
time="2021-02-02T17:46:47Z" level=debug msg="  Generating Certificate (mcs)..."
time="2021-02-02T17:46:47Z" level=debug msg="  Fetching CVOOverrides..."
time="2021-02-02T17:46:47Z" level=debug msg="  Generating CVOOverrides..."
time="2021-02-02T17:46:47Z" level=debug msg="  Fetching EtcdCAConfigMap..."
time="2021-02-02T17:46:47Z" level=debug msg="  Generating EtcdCAConfigMap..."
time="2021-02-02T17:46:47Z" level=debug msg="  Fetching EtcdClientSecret..."
time="2021-02-02T17:46:47Z" level=debug msg="  Generating EtcdClientSecret..."
time="2021-02-02T17:46:47Z" level=debug msg="  Fetching EtcdHostServiceEndpoints..."
time="2021-02-02T17:46:47Z" level=debug msg="  Generating EtcdHostServiceEndpoints..."
time="2021-02-02T17:46:47Z" level=debug msg="  Fetching EtcdHostService..."
time="2021-02-02T17:46:47Z" level=debug msg="  Generating EtcdHostService..."
time="2021-02-02T17:46:47Z" level=debug msg="  Fetching EtcdMetricClientSecret..."
time="2021-02-02T17:46:47Z" level=debug msg="  Generating EtcdMetricClientSecret..."
time="2021-02-02T17:46:47Z" level=debug msg="  Fetching EtcdMetricServingCAConfigMap..."
time="2021-02-02T17:46:47Z" level=debug msg="  Generating EtcdMetricServingCAConfigMap..."
time="2021-02-02T17:46:47Z" level=debug msg="  Fetching EtcdMetricSignerSecret..."
time="2021-02-02T17:46:47Z" level=debug msg="  Generating EtcdMetricSignerSecret..."
time="2021-02-02T17:46:47Z" level=debug msg="  Fetching EtcdNamespace..."
time="2021-02-02T17:46:47Z" level=debug msg="  Generating EtcdNamespace..."
time="2021-02-02T17:46:47Z" level=debug msg="  Fetching EtcdService..."
time="2021-02-02T17:46:47Z" level=debug msg="  Generating EtcdService..."
time="2021-02-02T17:46:47Z" level=debug msg="  Fetching EtcdSignerSecret..."
time="2021-02-02T17:46:47Z" level=debug msg="  Generating EtcdSignerSecret..."
time="2021-02-02T17:46:47Z" level=debug msg="  Fetching KubeCloudConfig..."
time="2021-02-02T17:46:47Z" level=debug msg="  Generating KubeCloudConfig..."
time="2021-02-02T17:46:47Z" level=debug msg="  Fetching EtcdServingCAConfigMap..."
time="2021-02-02T17:46:47Z" level=debug msg="  Generating EtcdServingCAConfigMap..."
time="2021-02-02T17:46:47Z" level=debug msg="  Fetching KubeSystemConfigmapRootCA..."
time="2021-02-02T17:46:47Z" level=debug msg="  Generating KubeSystemConfigmapRootCA..."
time="2021-02-02T17:46:47Z" level=debug msg="  Fetching MachineConfigServerTLSSecret..."
time="2021-02-02T17:46:47Z" level=debug msg="  Generating MachineConfigServerTLSSecret..."
time="2021-02-02T17:46:47Z" level=debug msg="  Fetching OpenshiftConfigSecretPullSecret..."
time="2021-02-02T17:46:47Z" level=debug msg="  Generating OpenshiftConfigSecretPullSecret..."
time="2021-02-02T17:46:47Z" level=debug msg="  Fetching OpenshiftMachineConfigOperator..."
time="2021-02-02T17:46:47Z" level=debug msg="  Generating OpenshiftMachineConfigOperator..."
time="2021-02-02T17:46:47Z" level=debug msg="Generating Common Manifests..."
time="2021-02-02T17:46:47Z" level=debug msg="Fetching Openshift Manifests..."
time="2021-02-02T17:46:47Z" level=debug msg="Loading Openshift Manifests..."
time="2021-02-02T17:46:47Z" level=debug msg="  Loading Install Config..."
time="2021-02-02T17:46:47Z" level=debug msg="  Loading Cluster ID..."
time="2021-02-02T17:46:47Z" level=debug msg="  Loading Kubeadmin Password..."
time="2021-02-02T17:46:47Z" level=debug msg="  Loading OpenShift Install (Manifests)..."
time="2021-02-02T17:46:47Z" level=debug msg="  Loading CloudCredsSecret..."
time="2021-02-02T17:46:47Z" level=debug msg="  Loading KubeadminPasswordSecret..."
time="2021-02-02T17:46:47Z" level=debug msg="  Loading RoleCloudCredsSecretReader..."
time="2021-02-02T17:46:47Z" level=debug msg="  Loading Private Cluster Outbound Service..."
time="2021-02-02T17:46:47Z" level=debug msg="  Loading Baremetal Config CR..."
time="2021-02-02T17:46:47Z" level=debug msg="  Loading Image..."
time="2021-02-02T17:46:47Z" level=debug msg="  Fetching Install Config..."
time="2021-02-02T17:46:47Z" level=debug msg="  Reusing previously-fetched Install Config"
time="2021-02-02T17:46:47Z" level=debug msg="  Fetching Cluster ID..."
time="2021-02-02T17:46:47Z" level=debug msg="  Reusing previously-fetched Cluster ID"
time="2021-02-02T17:46:47Z" level=debug msg="  Fetching Kubeadmin Password..."
time="2021-02-02T17:46:47Z" level=debug msg="  Generating Kubeadmin Password..."
time="2021-02-02T17:46:47Z" level=debug msg="  Fetching OpenShift Install (Manifests)..."
time="2021-02-02T17:46:47Z" level=debug msg="  Generating OpenShift Install (Manifests)..."
time="2021-02-02T17:46:47Z" level=debug msg="  Fetching CloudCredsSecret..."
time="2021-02-02T17:46:47Z" level=debug msg="  Generating CloudCredsSecret..."
time="2021-02-02T17:46:47Z" level=debug msg="  Fetching KubeadminPasswordSecret..."
time="2021-02-02T17:46:47Z" level=debug msg="  Generating KubeadminPasswordSecret..."
time="2021-02-02T17:46:47Z" level=debug msg="  Fetching RoleCloudCredsSecretReader..."
time="2021-02-02T17:46:47Z" level=debug msg="  Generating RoleCloudCredsSecretReader..."
time="2021-02-02T17:46:47Z" level=debug msg="  Fetching Private Cluster Outbound Service..."
time="2021-02-02T17:46:47Z" level=debug msg="  Generating Private Cluster Outbound Service..."
time="2021-02-02T17:46:47Z" level=debug msg="  Fetching Baremetal Config CR..."
time="2021-02-02T17:46:47Z" level=debug msg="  Generating Baremetal Config CR..."
time="2021-02-02T17:46:47Z" level=debug msg="  Fetching Image..."
time="2021-02-02T17:46:47Z" level=debug msg="  Reusing previously-fetched Image"
time="2021-02-02T17:46:47Z" level=debug msg="Generating Openshift Manifests..."
